installing homebrew/science/a5
🍺  /usr/local/Cellar/a5/20150522: 30 files, 8.5M



installing homebrew/science/abacas
🍺  /usr/local/Cellar/abacas/1.3.1: 2 files, 63.8K, built in 1 second


installing homebrew/science/abyss-explorer
🍺  /usr/local/Cellar/abyss-explorer/1.3.4_1: 27 files, 7M




installing homebrew/science/ace-corrector
🍺  /usr/local/Cellar/ace-corrector/20150501: 4 files, 32.0K, built in 4 seconds




installing homebrew/science/adam
🍺  /usr/local/Cellar/adam/0.18.2: 468 files, 52.6M




installing homebrew/science/adol-c
🍺  /usr/local/Cellar/adol-c/2.6.0: 44 files, 1.4M




installing homebrew/science/alembic
🍺  /usr/local/Cellar/alembic/1.5.4_1: 166 files, 16.5M




installing homebrew/science/alglib
🍺  /usr/local/Cellar/alglib/2.6.0: 108 files, 1.9M, built in 27 seconds




ERX installing homebrew/science/allpaths-lg
allpaths-lg: This software only builds on Linux.




installing homebrew/science/alpscore
🍺  /usr/local/Cellar/alpscore/0.5.1: 112 files, 9.5M




ERX  installing homebrew/science/amos
  cpan -i Statistics::Descriptive




ERX installing homebrew/science/analysis
clang: error: linker command failed with exit code 1 (use -v to see invocation)





installing homebrew/science/andi
🍺  /usr/local/Cellar/andi/0.9.2: 9 files, 620.3K, built in 12 seconds




installing homebrew/science/ann
🍺  /usr/local/Cellar/ann/1.1.2: 18 files, 767.4K, built in 9 seconds




installing homebrew/science/aragorn
🍺  /usr/local/Cellar/aragorn/1.2.36: 3 files, 314.9K, built in 9 seconds




installing homebrew/science/arb
🍺  /usr/local/Cellar/arb/2.5.0: 22 files, 4M, built in 2 minutes 21 seconds




installing homebrew/science/aribas
🍺  /usr/local/Cellar/aribas/1.64: 3 files, 213.6K, built in 10 seconds




installing homebrew/science/armadillo
🍺  /usr/local/Cellar/armadillo/6.500.4: 459 files, 13.0M




installing homebrew/science/arow++
🍺  /usr/local/Cellar/arow++/0.1.2: 11 files, 306.8K, built in 22 seconds




ERX installing homebrew/science/arpack





ERX installing homebrew/science/arrayfire
==> Installing arrayfire from homebrew/science




installing homebrew/science/art
🍺  /usr/local/Cellar/art/031915: 62 files, 12.9M, built in 27 seconds




installing homebrew/science/artemis
🍺  /usr/local/Cellar/artemis/16.0.11: 5 files, 10.8M, built in 17 seconds




installing homebrew/science/ascii_plots
🍺  /usr/local/Cellar/ascii_plots/1.0: 9 files, 19.2K, built in 1 second




installing homebrew/science/asl
🍺  /usr/local/Cellar/asl/2.0.3: 60 files, 2.6M, built in 1 minute 39 seconds




installing homebrew/science/astral
🍺  /usr/local/Cellar/astral/4.7.8: 23 files, 9.4M




ERX installing homebrew/science/astrometry-net
  pip install pyfits




installing homebrew/science/ate-pairing
🍺  /usr/local/Cellar/ate-pairing/1.2: 6 files, 500K, built in 5 seconds




installing homebrew/science/atomic-pseudopotential-engine
🍺  /usr/local/Cellar/atomic-pseudopotential-engine/2.2.1_1: 80 files, 2.2M, built in 34 seconds




ERX installing homebrew/science/atpdec
main.c:31:10: fatal error: 'png.h' file not found
1 error generated.





installing homebrew/science/atram
==> Installing atram from homebrew/science




installing homebrew/science/augustus
🍺  /usr/local/Cellar/augustus/3.2.1: 1,118 files, 415.9M




installing homebrew/science/bact
🍺  /usr/local/Cellar/bact/0.13: 19 files, 798.9K, built in 11 seconds




ERX installing homebrew/science/bali-phy
==> Installing bali-phy from homebrew/science




installing homebrew/science/bam-readcount
🍺  /usr/local/Cellar/bam-readcount/0.7.4: 3 files, 672.7K, built in 1 minute 32 seconds




installing homebrew/science/bamhash
🍺  /usr/local/Cellar/bamhash/1.0: 5 files, 512.8K, built in 10 seconds




ERX installing homebrew/science/bamtools




installing homebrew/science/barrnap
🍺  /usr/local/Cellar/barrnap/0.7: 26 files, 44.9M, built in 10 seconds




installing homebrew/science/bcalm
🍺  /usr/local/Cellar/bcalm/2: 4 files, 120.6K




ERX installing homebrew/science/bcftools
==> Installing bcftools from homebrew/science




ERX installing homebrew/science/beagle





installing homebrew/science/beast
🍺  /usr/local/Cellar/beast/1.8.2: 216 files, 91.6M, built in 15 seconds




installing homebrew/science/bedops
🍺  /usr/local/Cellar/bedops/2.4.15: 36 files, 46.5M




installing homebrew/science/bedtools
🍺  /usr/local/Cellar/bedtools/2.24.0: 41 files, 2M




installing homebrew/science/beetl
🍺  /usr/local/Cellar/beetl/0.9.0: 24 files, 4.2M




installing homebrew/science/bfc
🍺  /usr/local/Cellar/bfc/175: 4 files, 61.4K, built in 4 seconds




installing homebrew/science/bioawk
🍺  /usr/local/Cellar/bioawk/1.0: 4 files, 139.5K




installing homebrew/science/biobloomtools
🍺  /usr/local/Cellar/biobloomtools/2.0.12: 10 files, 726.4K, built in 24 seconds




installing homebrew/science/biocgal
🍺  /usr/local/Cellar/biocgal/0.9.6-beta: 6 files, 192.9K, built in 4 seconds




installing homebrew/science/bioformats-cpp
==> Installing bioformats-cpp from homebrew/science




installing homebrew/science/biointerchange
🍺  /usr/local/Cellar/biointerchange/2.0.4+105: 3 files, 3.9M, built in 1 second




ERX installing homebrew/science/biopieces
  cpan -i SVG



installing homebrew/science/bitseq
🍺  /usr/local/Cellar/bitseq/0.7.5: 14 files, 1.4M




ERX installing homebrew/science/blasr
2 errors generated.





ERX installing homebrew/science/blast
==> Installing blast from homebrew/science




ERX installing homebrew/science/blat
==> Installing blat from homebrew/science




installing homebrew/science/blaze-lib
🍺  /usr/local/Cellar/blaze-lib/2.4: 901 files, 19.7M, built in 17 seconds




ERX installing homebrew/science/bless
/usr/local/include/sparsehash/sparse_hash_map:357:66: error: wrong number of template arguments (5, should be at least 2)
/usr/local/include/sparsehash/sparse_hash_map:358:7: error: request for member 'swap' in 'hm1', which is of non-class type 'int'
make: *** [correct_errors.o] Error 1




installing homebrew/science/boost-compute
🍺  /usr/local/Cellar/boost-compute/0.4: 287 files, 1014.4K, built in 9 seconds




installing homebrew/science/bowtie
🍺  /usr/local/Cellar/bowtie/1.1.2: 85 files, 15.5M, built in 1 minute 1 second




installing homebrew/science/bowtie2
🍺  /usr/local/Cellar/bowtie2/2.2.6: 76 files, 20.4M




installing homebrew/science/bpel2owfn
🍺  /usr/local/Cellar/bpel2owfn/2.4: 9 files, 1.8M, built in 35 seconds




installing homebrew/science/bpipe
🍺  /usr/local/Cellar/bpipe/0.9.8.7: 15 files, 22.1M, built in 12 seconds




installing homebrew/science/butterflow
🍺  /usr/local/Cellar/butterflow/0.2.0_1: 23 files, 152.5K




installing homebrew/science/bwa
🍺  /usr/local/Cellar/bwa/0.7.12: 7 files, 540.0K, built in 8 seconds




installing homebrew/science/bwtdisk
🍺  /usr/local/Cellar/bwtdisk/0.9.0: 12 files, 493.8K, built in 7 seconds




installing homebrew/science/calculix-ccx
🍺  /usr/local/Cellar/calculix-ccx/2.9: 2,715 files, 60.3M




installing homebrew/science/cantera
Some failures were observed on Yosemite when using MPICH2.
The failures did not occur with OpenMPI. For more information, see
🍺  /usr/local/Cellar/cantera/2.2.1: 513 files, 157.9M




installing homebrew/science/cap3
🍺  /usr/local/Cellar/cap3/2015-02-11: 10 files, 406.1K, built in 2 seconds




installing homebrew/science/ccfits
🍺  /usr/local/Cellar/ccfits/2.4: 36 files, 1.6M, built in 43 seconds




installing homebrew/science/cd-hit
🍺  /usr/local/Cellar/cd-hit/4.6.4: 37 files, 866.5K




installing homebrew/science/cddlib
🍺  /usr/local/Cellar/cddlib/094g: 133 files, 3M, built in 47 seconds




installing homebrew/science/cdo
🍺  /usr/local/Cellar/cdo/1.7.0: 7 files, 4M




installing homebrew/science/cdsclient
🍺  /usr/local/Cellar/cdsclient/3.80: 91 files, 216.0K, built in 8 seconds




ERX installing homebrew/science/cegma
==> Installing cegma from homebrew/science



installing homebrew/science/ceres-solver
🍺  /usr/local/Cellar/ceres-solver/1.11.0_1: 53 files, 2.7M




installing homebrew/science/cerulean
🍺  /usr/local/Cellar/cerulean/0.1: 42 files, 16.6M, built in 16 seconds




installing homebrew/science/cgns
🍺  /usr/local/Cellar/cgns/3.2.1_2: 21 files, 1.4M




ERX installing homebrew/science/circlator
==> Installing circlator from homebrew/science




ERX installing homebrew/science/circos
==> Installing circos from homebrew/science




installing homebrew/science/ckon
🍺  /usr/local/Cellar/ckon/0.7.1: 4 files, 328.5K, built in 23 seconds




ERX installing homebrew/science/clark
==> Downloading http://clark.cs.ucr.edu/Download/CLARKV1.1.2.tar.gz




installing homebrew/science/clblas
🍺  /usr/local/Cellar/clblas/2.2: 18 files, 3.7M, built in 48 seconds




installing homebrew/science/clfft
🍺  /usr/local/Cellar/clfft/2.8: 19 files, 907.5K




installing homebrew/science/clinfo
🍺  /usr/local/Cellar/clinfo/2.0.15.03.24: 5 files, 71.5K, built in 2 seconds




installing homebrew/science/clonalframeml
🍺  /usr/local/Cellar/clonalframeml/1.7: 2 files, 267.5K, built in 2 seconds




installing homebrew/science/clustal-omega
🍺  /usr/local/Cellar/clustal-omega/1.2.1: 39 files, 1.6M, built in 46 seconds




ERX installing homebrew/science/clustal-w
./general/VectorOutOfRange.h:14:38: error: implicit instantiation of undefined template 'std::__1::basic_string<char, std::__1::char_traits<char>, std::__1::allocator<char> >'
2 errors generated.





installing homebrew/science/cmdstan
🍺  /usr/local/Cellar/cmdstan/2.9.0: 19,284 files, 224.4M




installing homebrew/science/cminpack
🍺  /usr/local/Cellar/cminpack/1.3.4: 508 files, 2.3M, built in 12 seconds



ERX installing homebrew/science/coinmp
Run `brew update` to get the latest Homebrew updates!




ERX installing homebrew/science/colpack





ERX installing homebrew/science/corset
==> Installing corset from homebrew/science




installing homebrew/science/cppad
🍺  /usr/local/Cellar/cppad/20150000: 1,319 files, 11M, built in 17 seconds




installing homebrew/science/crfsuite
🍺  /usr/local/Cellar/crfsuite/0.12: 18 files, 352.7K, built in 21 seconds




installing homebrew/science/crlibm
🍺  /usr/local/Cellar/crlibm/1.0beta4: 17 files, 3.1M, built in 17 seconds




installing homebrew/science/cryptoverif
🍺  /usr/local/Cellar/cryptoverif/1.22: 143 files, 6M




installing homebrew/science/cuba
🍺  /usr/local/Cellar/cuba/4.1: 12 files, 1.1M, built in 19 seconds




installing homebrew/science/cufflinks
🍺  /usr/local/Cellar/cufflinks/2.2.1: 13 files, 18.4M




ERX installing homebrew/science/cvblob
==> Installing cvblob from homebrew/science








































































































































































































































































































































































































































































































































































































































































































































































































































































































































































































































































































































































































































































































































































































































































































































































































































































































































































































































































































