removing a5
removing abacas
removing abyss
removing abyss-explorer
removing ace-corrector
removing adam
removing adol-c
removing alembic
removing alglib
removing alpscore
removing andi
removing ann
removing apache-spark
removing aragorn
removing arb
removing argtable
removing aribas
removing armadillo
removing arow++
removing arpack
removing art
removing artemis
removing ascii_plots
removing asl
removing astral
removing ate-pairing
removing atomic-pseudopotential-engine
removing augustus
removing autoconf
removing automake
removing bact
removing bam-readcount
removing bamhash
removing bamtools
removing bamutil
removing barrnap
removing bcalm
removing beast
removing bedops
removing bedtools
removing beetl
removing bfc
removing bioawk
removing biobloomtools
removing biocgal
removing biointerchange
removing biopp
removing bitseq
removing blaze-lib
removing blis
removing boost-compute
removing boost-python
removing bowtie
removing bowtie2
removing bpel2owfn
removing bpipe
removing butterflow
removing bwa
removing bwtdisk
removing calculix-ccx
removing cantera
removing cap3
removing ccfits
removing cd-hit
removing cddlib
removing cdo
removing cdsclient
removing celera-assembler
removing ceres-solver
removing cerulean
removing cfitsio
removing cgns
removing ckon
removing clblas
removing clfft
removing clinfo
removing clonalframeml
removing clustal-omega
removing cmake
removing cmdstan
removing cminpack
removing colpack
removing cppad
removing crfsuite
removing crlibm
removing cryptoverif
removing cuba
removing cube
removing cufflinks
removing curl
removing doxygen
removing eigen
removing ffmpeg
removing fftw
removing flac
removing flint
removing gcc
removing gflags
removing glog
removing gmp
removing google-sparsehash
removing gsl
removing hdf5
removing hmmer
removing htslib
removing ilmbase
removing isl
removing kmc
removing lame
removing libdivsufsort
removing liblbfgs
removing libmpc
removing libogg
removing libpng
removing libsndfile
removing libtool
removing libvo-aacenc
removing libvorbis
removing libxc
removing mpfr
removing mummer
removing netcdf
removing ocaml
removing open-mpi
removing ossp-uuid
removing qt
removing samtools
removing scalapack
removing suite-sparse
removing sundials
removing superlu43
removing szip
removing tbb
removing udunits
removing veclibfort
removing x264
removing xbyak
removing xvid
